<?xml version="1.0" encoding="UTF-8"?>
<!-- Generated by org.testng.reporters.JUnitXMLReporter -->
<testsuite ignored="0" hostname="DESKTOP-TOV024I" failures="3" tests="7" name="BankingApp Test" time="146.437" errors="0" timestamp="07 Feb 2023 06:24:22 GMT">
  <testcase classname="com.inetbankingv2.testcases.TC_LoginTest_001" name="loginTest" time="6.75"/>
  <testcase classname="com.inetbankingv2.testcases.TC_LoginDDT_002" name="loginDDT" time="13.827"/>
  <testcase classname="com.inetbankingv2.testcases.TC_LoginDDT_002" name="loginDDT" time="9.599">
    <failure type="java.lang.AssertionError" message="expected [true] but found [false]">
      <![CDATA[java.lang.AssertionError: expected [true] but found [false]
at com.inetbankingv2.testcases.TC_LoginDDT_002.loginDDT(TC_LoginDDT_002.java:33)
... Removed 29 stack frames]]>
    </failure>
  </testcase> <!-- loginDDT -->
  <testcase classname="com.inetbankingv2.testcases.TC_LoginDDT_002" name="loginDDT" time="7.38">
    <failure type="java.lang.AssertionError" message="expected [true] but found [false]">
      <![CDATA[java.lang.AssertionError: expected [true] but found [false]
at com.inetbankingv2.testcases.TC_LoginDDT_002.loginDDT(TC_LoginDDT_002.java:33)
... Removed 29 stack frames]]>
    </failure>
  </testcase> <!-- loginDDT -->
  <testcase classname="com.inetbankingv2.testcases.TC_LoginDDT_002" name="loginDDT" time="5.537">
    <failure type="java.lang.AssertionError" message="expected [true] but found [false]">
      <![CDATA[java.lang.AssertionError: expected [true] but found [false]
at com.inetbankingv2.testcases.TC_LoginDDT_002.loginDDT(TC_LoginDDT_002.java:33)
... Removed 29 stack frames]]>
    </failure>
  </testcase> <!-- loginDDT -->
  <testcase classname="com.inetbankingv2.testcases.TC_LoginDDT_002" name="loginDDT" time="16.492"/>
  <testcase classname="com.inetbankingv2.testcases.TC_AddCustomerTest_003" name="addNewCustomer" time="27.497"/>
</testsuite> <!-- BankingApp Test -->
